<?xml version="1.0" encoding="utf-8"?><testsuites name="pytest tests"><testsuite name="pytest" errors="0" failures="1" skipped="0" tests="12" time="3.843" timestamp="2026-07-11T22:05:55.368360+00:00" hostname="agent-env-bf3006e4-1855-47c9-9878-dacb3ccf75a0"><testcase classname="backend.tests.test_iter4_delete_listing.TestDeleteListing" name="test_delete_own_listing_success" time="0.998" /><testcase classname="backend.tests.test_iter4_delete_listing.TestDeleteListing" name="test_delete_nonexistent_returns_404" time="0.111" /><testcase classname="backend.tests.test_iter4_delete_listing.TestDeleteListing" name="test_delete_unauthorized_no_token" time="0.202" /><testcase classname="backend.tests.test_iter4_delete_listing.TestDeleteListing" name="test_delete_other_users_listing_forbidden" time="0.545" /><testcase classname="backend.tests.test_iter4_delete_listing.TestRemovedEndpoints" name="test_enforcement_acknowledge_removed" time="0.094" /><testcase classname="backend.tests.test_iter4_delete_listing.TestRemovedEndpoints" name="test_launch_tour_complete_removed" time="0.111" /><testcase classname="backend.tests.test_iter4_delete_listing.TestRegression" name="test_auth_me_still_works" time="0.094" /><testcase classname="backend.tests.test_iter4_delete_listing.TestRegression" name="test_listings_list" time="0.096" /><testcase classname="backend.tests.test_iter4_delete_listing.TestRegression" name="test_listing_detail" time="0.250" /><testcase classname="backend.tests.test_iter4_delete_listing.TestRegression" name="test_messages_threads" time="0.106" /><testcase classname="backend.tests.test_iter4_delete_listing.TestRegression" name="test_checkout_session" time="0.990" /><testcase classname="backend.tests.test_iter4_delete_listing.TestRegression" name="test_clubs_list" time="0.106"><failure message="AssertionError: Unexpected status 404: {&quot;detail&quot;:&quot;Not Found&quot;} — ROUTING BUG: /api/clubs (and other endpoints after line 2051) are not registered because app.include_router(api_router) is called BEFORE they are declared.&#10;assert 404 in (200, 401)&#10; +  where 404 = &lt;Response [404]&gt;.status_code">backend/tests/test_iter4_delete_listing.py:160: in test_clubs_list
    assert r.status_code in (200, 401), (
E   AssertionError: Unexpected status 404: {"detail":"Not Found"} — ROUTING BUG: /api/clubs (and other endpoints after line 2051) are not registered because app.include_router(api_router) is called BEFORE they are declared.
E   assert 404 in (200, 401)
E    +  where 404 = &lt;Response [404]&gt;.status_code</failure></testcase></testsuite></testsuites>