<?xml version="1.0" encoding="utf-8"?><testsuites name="pytest tests"><testsuite name="pytest" errors="0" failures="0" skipped="0" tests="19" time="3.888" timestamp="2026-06-15T07:09:45.873603+00:00" hostname="agent-env-bf3006e4-1855-47c9-9878-dacb3ccf75a0"><testcase classname="backend.tests.test_printforge.TestPublic" name="test_root" time="0.172" /><testcase classname="backend.tests.test_printforge.TestPublic" name="test_stats" time="0.096" /><testcase classname="backend.tests.test_printforge.TestPublic" name="test_listings_list" time="0.096" /><testcase classname="backend.tests.test_printforge.TestPublic" name="test_listings_filters" time="0.099" /><testcase classname="backend.tests.test_printforge.TestPublic" name="test_listing_unknown_404" time="0.095" /><testcase classname="backend.tests.test_printforge.TestPublic" name="test_designs_list" time="0.093" /><testcase classname="backend.tests.test_printforge.TestAuthRequired" name="test_me_unauth" time="0.103" /><testcase classname="backend.tests.test_printforge.TestAuthRequired" name="test_post_listing_unauth" time="0.130" /><testcase classname="backend.tests.test_printforge.TestAuthRequired" name="test_post_design_unauth" time="0.095" /><testcase classname="backend.tests.test_printforge.TestAuthRequired" name="test_seller_listings_unauth" time="0.095" /><testcase classname="backend.tests.test_printforge.TestAuthenticated" name="test_me" time="0.152" /><testcase classname="backend.tests.test_printforge.TestAuthenticated" name="test_create_listing" time="0.234" /><testcase classname="backend.tests.test_printforge.TestAuthenticated" name="test_seller_listings_returns_created" time="0.095" /><testcase classname="backend.tests.test_printforge.TestAuthenticated" name="test_create_design" time="0.198" /><testcase classname="backend.tests.test_printforge.TestAuthenticated" name="test_become_seller" time="0.094" /><testcase classname="backend.tests.test_printforge.TestAuthenticated" name="test_upload_and_download" time="0.541" /><testcase classname="backend.tests.test_printforge.TestCheckout" name="test_create_checkout_session" time="0.817" /><testcase classname="backend.tests.test_printforge.TestCheckout" name="test_checkout_status_no_throw" time="0.359" /><testcase classname="backend.tests.test_printforge.TestCheckout" name="test_logout_at_end" time="0.189" /></testsuite></testsuites>